android/app/build/intermediates/manifest_merge_blame_file/release/manifest-merger-blame-release-report.txt
1<?xml version="1.0" encoding="utf-8"?>
2<manifest xmlns:android="http://schemas.android.com/apk/res/android"
3    package="com.dm"
4    android:versionCode="1"
5    android:versionName="1.0" >
6
7    <uses-sdk
8        android:minSdkVersion="16"
8-->src/main/AndroidManifest.xml
9        android:targetSdkVersion="29" />
9-->src/main/AndroidManifest.xml
10
11    <uses-permission android:name="android.permission.INTERNET" />
11-->src/main/AndroidManifest.xml:5:5-67
11-->src/main/AndroidManifest.xml:5:22-64
12    <uses-permission android:name="android.permission.ACCESSCOARSELOCATION" />
12-->src/main/AndroidManifest.xml:6:5-79
12-->src/main/AndroidManifest.xml:6:22-76
13    <uses-permission android:name="android.permission.ACCESSFINELOCATION" />
13-->src/main/AndroidManifest.xml:7:5-77
13-->src/main/AndroidManifest.xml:7:22-74
14
15    <application
15-->src/main/AndroidManifest.xml:9:5-29:19
16        android:name="com.dm.MainApplication"
16-->src/main/AndroidManifest.xml:10:9-40
17        android:allowBackup="false"
17-->src/main/AndroidManifest.xml:11:9-36
18        android:appComponentFactory="androidx.core.app.CoreComponentFactory"
18-->[androidx.core:core:1.3.1] AndroidManifest.xml:24:18-86
19        android:icon="@mipmap/ic_launcher"
19-->src/main/AndroidManifest.xml:12:9-43
20        android:label="@string/app_name"
20-->src/main/AndroidManifest.xml:13:9-41
21        android:theme="@style/AppTheme" >
21-->src/main/AndroidManifest.xml:14:9-40
22        <activity android:name="com.dm.SplshActivity" />
22-->src/main/AndroidManifest.xml:15:9-60
22-->src/main/AndroidManifest.xml:15:19-48
23        <activity
23-->src/main/AndroidManifest.xml:16:9-27:20
24            android:name="com.dm.MainActivity"
24-->src/main/AndroidManifest.xml:17:13-41
25            android:configChanges="keyboard|keyboardHidden|orientation|screenSize|uiMode"
25-->src/main/AndroidManifest.xml:18:13-90
26            android:label="@string/app_name"
26-->src/main/AndroidManifest.xml:19:13-45
27            android:launchMode="singleTask"
27-->src/main/AndroidManifest.xml:20:13-44
28            android:windowSoftInputMode="adjustResize" >
28-->src/main/AndroidManifest.xml:21:13-55
29            <intent-filter>
29-->src/main/AndroidManifest.xml:22:13-26:29
30                <action android:name="android.intent.action.MAIN" />
30-->src/main/AndroidManifest.xml:23:17-69
30-->src/main/AndroidManifest.xml:23:25-66
31
32                <category android:name="android.intent.category.LAUNCHER" />
32-->src/main/AndroidManifest.xml:25:17-77
32-->src/main/AndroidManifest.xml:25:27-74
33            </intent-filter>
34        </activity>
35        <activity android:name="com.facebook.react.devsupport.DevSettingsActivity" />
35-->src/main/AndroidManifest.xml:28:9-86
35-->src/main/AndroidManifest.xml:28:19-83
36    </application>
37
38</manifest>